Сборка начата 12.12.2016 9:19:37.
     1>Проект "D:\Gamedev\Projects\Game\Game\Game.vcxproj" в узле 2 (целевые объекты Build).
     1>ClCompile:
         D:\Gamedev\VC\bin\CL.exe /c /ZI /nologo /W3 /WX- /sdl /Od /Oy- /D _MBCS /Gm /EHsc /RTC1 /MDd /GS /fp:precise /Zc:wchar_t /Zc:forScope /Fo"Debug\\" /Fd"Debug\vc120.pdb" /Gd /TP /analyze- /errorReport:prompt Main.cpp
         Main.cpp
     1>d:\gamedev\projects\game\game\movingobject.h(23): warning C4244: =: преобразование "int" в "float", возможна потеря данных
     1>d:\gamedev\projects\game\game\movingobject.h(24): warning C4244: =: преобразование "int" в "float", возможна потеря данных
     1>d:\gamedev\projects\game\game\movingobject.h(55): warning C4305: аргумент: усечение из "double" к "float"
     1>d:\gamedev\projects\game\game\movingobject.h(58): warning C4305: аргумент: усечение из "double" к "float"
     1>d:\gamedev\projects\game\game\movingobject.h(62): warning C4305: аргумент: усечение из "double" к "float"
     1>d:\gamedev\projects\game\game\movingobject.h(66): warning C4305: аргумент: усечение из "double" к "float"
     1>d:\gamedev\projects\game\game\pturret.h(15): warning C4305: аргумент: усечение из "double" к "float"
     1>d:\gamedev\projects\game\game\player.h(25): warning C4244: инициализация: преобразование "double" в "float", возможна потеря данных
     1>d:\gamedev\projects\game\game\main.cpp(58): warning C4244: аргумент: преобразование "int" в "float", возможна потеря данных
     1>d:\gamedev\projects\game\game\main.cpp(63): warning C4244: аргумент: преобразование "int" в "float", возможна потеря данных
     1>d:\gamedev\projects\game\game\main.cpp(69): warning C4244: аргумент: преобразование "int" в "float", возможна потеря данных
     1>d:\gamedev\projects\game\game\main.cpp(79): warning C4244: аргумент: преобразование "int" в "float", возможна потеря данных
       Link:
         D:\Gamedev\VC\bin\link.exe /ERRORREPORT:PROMPT /OUT:"D:\Gamedev\Projects\Game\Debug\Game.exe" /INCREMENTAL /NOLOGO "sfml-graphics-d.lib" "sfml-window-d.lib" "sfml-system-d.lib" kernel32.lib user32.lib gdi32.lib winspool.lib comdlg32.lib advapi32.lib shell32.lib ole32.lib oleaut32.lib uuid.lib odbc32.lib odbccp32.lib /MANIFEST /MANIFESTUAC:"level='asInvoker' uiAccess='false'" /manifest:embed /DEBUG /PDB:"D:\Gamedev\Projects\Game\Debug\Game.pdb" /TLBID:1 /DYNAMICBASE /NXCOMPAT /IMPLIB:"D:\Gamedev\Projects\Game\Debug\Game.lib" /MACHINE:X86 Debug\Main.obj
         Game.vcxproj -> D:\Gamedev\Projects\Game\Debug\Game.exe
     1>Сборка проекта "D:\Gamedev\Projects\Game\Game\Game.vcxproj" завершена (целевые объекты Build).

Сборка успешно завершена.

Затраченное время: 00:00:00.93
